The system is: Windows - 10.0.18362 - AMD64
Compiling the C compiler identification source file "CMakeCCompilerId.c" succeeded.
Compiler: C:/Program Files (x86)/Microsoft Visual Studio/2019/Community/VC/Tools/MSVC/14.24.28314/bin/Hostx86/x86/cl.exe 
Build flags: 
Id flags:  

The output was:
0
用于 x86 的 Microsoft (R) C/C++ 优化编译器 19.24.28314 版
版权所有(C) Microsoft Corporation。保留所有权利。

CMakeCCompilerId.c
Microsoft (R) Incremental Linker Version 14.24.28314.0
Copyright (C) Microsoft Corporation.  All rights reserved.

/out:CMakeCCompilerId.exe 
CMakeCCompilerId.obj 


Compilation of the C compiler identification source "CMakeCCompilerId.c" produced "CMakeCCompilerId.exe"

Compilation of the C compiler identification source "CMakeCCompilerId.c" produced "CMakeCCompilerId.obj"

The C compiler identification is MSVC, found in "E:/GitHub/lzz3/cmake-build-debug/CMakeFiles/3.15.3/CompilerIdC/CMakeCCompilerId.exe"

Determining if the C compiler works passed with the following output:
Change Dir: E:/GitHub/lzz3/cmake-build-debug/CMakeFiles/CMakeTmp

Run Build Command(s):nmake /nologo cmTC_8e0c8\fast && 	"C:\Program Files (x86)\Microsoft Visual Studio\2019\Community\VC\Tools\MSVC\14.24.28314\bin\HostX86\x86\nmake.exe" -f CMakeFiles\cmTC_8e0c8.dir\build.make /nologo -L                  CMakeFiles\cmTC_8e0c8.dir\build
Building C object CMakeFiles/cmTC_8e0c8.dir/testCCompiler.c.obj
	C:\PROGRA~2\MICROS~2\2019\COMMUN~1\VC\Tools\MSVC\1424~1.283\bin\Hostx86\x86\cl.exe @C:\Users\zbh\AppData\Local\Temp\nm28AF.tmp
testCCompiler.c
Linking C executable cmTC_8e0c8.exe
	"C:\Program Files\JetBrains\CLion 2018.3.1\bin\cmake\win\bin\cmake.exe" -E vs_link_exe --intdir=CMakeFiles\cmTC_8e0c8.dir --rc=C:\PROGRA~2\WI3CF2~1\10\bin\100183~1.0\x86\rc.exe --mt=C:\PROGRA~2\WI3CF2~1\10\bin\100183~1.0\x86\mt.exe --manifests  -- C:\PROGRA~2\MICROS~2\2019\COMMUN~1\VC\Tools\MSVC\1424~1.283\bin\Hostx86\x86\link.exe /nologo @CMakeFiles\cmTC_8e0c8.dir\objects1.rsp @C:\Users\zbh\AppData\Local\Temp\nm290D.tmp



Detecting C compiler ABI info compiled with the following output:
Change Dir: E:/GitHub/lzz3/cmake-build-debug/CMakeFiles/CMakeTmp

Run Build Command(s):nmake /nologo cmTC_40bb6\fast && 	"C:\Program Files (x86)\Microsoft Visual Studio\2019\Community\VC\Tools\MSVC\14.24.28314\bin\HostX86\x86\nmake.exe" -f CMakeFiles\cmTC_40bb6.dir\build.make /nologo -L                  CMakeFiles\cmTC_40bb6.dir\build
Building C object CMakeFiles/cmTC_40bb6.dir/CMakeCCompilerABI.c.obj
	C:\PROGRA~2\MICROS~2\2019\COMMUN~1\VC\Tools\MSVC\1424~1.283\bin\Hostx86\x86\cl.exe @C:\Users\zbh\AppData\Local\Temp\nm2C49.tmp
CMakeCCompilerABI.c
Linking C executable cmTC_40bb6.exe
	"C:\Program Files\JetBrains\CLion 2018.3.1\bin\cmake\win\bin\cmake.exe" -E vs_link_exe --intdir=CMakeFiles\cmTC_40bb6.dir --rc=C:\PROGRA~2\WI3CF2~1\10\bin\100183~1.0\x86\rc.exe --mt=C:\PROGRA~2\WI3CF2~1\10\bin\100183~1.0\x86\mt.exe --manifests  -- C:\PROGRA~2\MICROS~2\2019\COMMUN~1\VC\Tools\MSVC\1424~1.283\bin\Hostx86\x86\link.exe /nologo @CMakeFiles\cmTC_40bb6.dir\objects1.rsp @C:\Users\zbh\AppData\Local\Temp\nm2CB7.tmp



